[GET] /api/v2/entrance - 200 (272ms)
2024-04-27 : count = 1
[GET] /api/v2/entrance - 200 (25ms)
2024-04-27 : count = 2
[GET] /api/v2/entrance - 200 (22ms)
2024-04-27 : count = 3
2024-04-27 : count = 4
[GET] /api/v2/entrance - 200 (21ms)
[GET] /api/v2/entrance - 200 (25ms)
2024-04-27 : count = 5
2024-04-27 : count = 6
[GET] /api/v2/entrance - 200 (18ms)
2024-04-27 : count = 7
[GET] /api/v2/entrance - 200 (17ms)
2024-04-27 : count = 8
[GET] /api/v2/entrance - 200 (14ms)
2024-04-27 : count = 9
[GET] /api/v2/entrance - 200 (11ms)
2024-04-27 : count = 10
[GET] /api/v2/entrance - 200 (13ms)
[GET] /api/v2/entrance - 200 (18ms)
2024-04-27 : count = 11
[GET] /api/v2/entrance - 200 (10ms)
2024-04-27 : count = 12
2024-04-27 : count = 13
[GET] /api/v2/entrance - 200 (11ms)
[GET] /api/v2/entrance - 200 (10ms)
2024-04-27 : count = 14
2024-04-27 : count = 15
[GET] /api/v2/entrance - 200 (12ms)
[GET] /api/v2/entrance - 200 (11ms)
2024-04-27 : count = 16
2024-04-27 : count = 17
[GET] /api/v2/entrance - 200 (10ms)
[GET] /api/v2/entrance - 200 (12ms)
2024-04-27 : count = 18
[GET] /api/v2/entrance - 200 (10ms)
2024-04-27 : count = 19
[GET] /api/v2/entrance - 200 (10ms)
2024-04-27 : count = 20
2024-04-27 : count = 1
[GET] /api/v2/entrance - 401 (9ms)
[GET] /api/v2/entrance - 200 (2216ms)
2024-04-27 : count = 1
2024-04-27 : count = 2
[GET] /api/v2/entrance - 200 (234ms)
[GET] /api/v2/entrance - 200 (240ms)
2024-04-27 : count = 3
2024-04-27 : count = 4
[GET] /api/v2/entrance - 200 (260ms)
2024-04-27 : count = 5
[GET] /api/v2/entrance - 200 (234ms)
[GET] /api/v2/entrance - 200 (231ms)
2024-04-27 : count = 6
[GET] /api/v2/entrance - 200 (232ms)
2024-04-27 : count = 7
[GET] /api/v2/entrance - 200 (233ms)
2024-04-27 : count = 8
[GET] /api/v2/entrance - 200 (235ms)
2024-04-27 : count = 9
[GET] /api/v2/entrance - 200 (233ms)
2024-04-27 : count = 10
2024-04-27 : count = 1
[GET] /api/v2/entrance - 200 (972ms)
2024-04-27 : count = 2
[GET] /api/v2/entrance - 200 (23ms)
[GET] /api/v2/entrance - 200 (34ms)
2024-04-27 : count = 3
[GET] /api/v2/entrance - 200 (28ms)
2024-04-27 : count = 4
2024-04-27 : count = 5
[GET] /api/v2/entrance - 200 (14ms)
[GET] /api/v2/entrance - 200 (20ms)
2024-04-27 : count = 6
[GET] /api/v2/entrance - 200 (12ms)
2024-04-27 : count = 7
[GET] /api/v2/entrance - 200 (13ms)
2024-04-27 : count = 8
2024-04-27 : count = 9
[GET] /api/v2/entrance - 200 (15ms)
[GET] /api/v2/entrance - 200 (23ms)
2024-04-27 : count = 10
2024-04-27 : count = 11
[GET] /api/v2/entrance - 200 (12ms)
2024-04-27 : count = 12
[GET] /api/v2/entrance - 200 (11ms)
2024-04-27 : count = 13
[GET] /api/v2/entrance - 200 (11ms)
[GET] /api/v2/entrance - 200 (12ms)
2024-04-27 : count = 14
[GET] /api/v2/entrance - 200 (19ms)
2024-04-27 : count = 15
2024-04-27 : count = 16
[GET] /api/v2/entrance - 200 (12ms)
2024-04-27 : count = 17
[GET] /api/v2/entrance - 200 (15ms)
[GET] /api/v2/entrance - 200 (15ms)
2024-04-27 : count = 18
2024-04-27 : count = 19
[GET] /api/v2/entrance - 200 (22ms)
2024-04-27 : count = 20
[GET] /api/v2/entrance - 200 (17ms)
2024-04-27 : count = 1
[GET] /apitest/admin/fee/search?admissionSession=2023&courseName=BACHELOR%20OF%20AYURVEDIC%20MEDICINE%20AND%20SURGERY&courseBranch=AYURVEDIC%20MEDICINE%20AND%20SURGERY - 404 (242ms)
[GET] /apitest/admin/fee/search?admissionSession=2023&courseName=BACHELOR%20OF%20AYURVEDIC%20MEDICINE%20AND%20SURGERY&courseBranch=AYURVEDIC%20MEDICINE%20AND%20SURGERY - 404 (231ms)
2024-04-27 : count = 2
2024-04-27 : count = 3
[GET] /apitest/admin/fee/search?admissionSession=2024&courseName=BACHELOR%20OF%20AYURVEDIC%20MEDICINE%20AND%20SURGERY&courseBranch=AYURVEDIC%20MEDICINE%20AND%20SURGERY - 404 (229ms)
2024-04-27 : count = 4
[GET] /apitest/admin/fee/search?admissionSession=2024&courseName=BACHELOR%20OF%20ENGINEERING&courseBranch=COMPUTER%20SCIENCE%20AND%20ENGINEERING - 200 (232ms)
2024-04-27 : count = 5
[GET] /apitest/admin/fee/search?admissionSession=2024&courseName=BACHELOR%20OF%20ENGINEERING&courseBranch=COMPUTER%20SCIENCE%20AND%20ENGINEERING - 200 (2ms)
[GET] /apitest/admin/fee/search?admissionSession=2024&courseName=BACHELOR%20OF%20ENGINEERING&courseBranch=COMPUTER%20SCIENCE%20AND%20ENGINEERING - 200 (2ms)
2024-04-27 : count = 6
2024-04-27 : count = 7
[GET] /apitest/admin/fee/search?admissionSession=2024&courseName=BACHELOR%20OF%20ENGINEERING&courseBranch=COMPUTER%20SCIENCE%20AND%20ENGINEERING - 200 (1ms)
[GET] /apitest/admin/fee/search?admissionSession=2024&courseName=BACHELOR%20OF%20ENGINEERING&courseBranch=COMPUTER%20SCIENCE%20AND%20ENGINEERING - 200 (2ms)
2024-04-27 : count = 8
[GET] /apitest/admin/fee/search?admissionSession=2024&courseName=BACHELOR%20OF%20ENGINEERING&courseBranch=COMPUTER%20SCIENCE%20AND%20ENGINEERING - 200 (2ms)
2024-04-27 : count = 9
2024-04-27 : count = 10
[GET] /apitest/admin/fee/search?admissionSession=2024&courseName=BACHELOR%20OF%20ENGINEERING&courseBranch=COMPUTER%20SCIENCE%20AND%20ENGINEERING - 200 (1ms)
[GET] /apitest/admin/fee/search?admissionSession=2024&courseName=BACHELOR%20OF%20ENGINEERING&courseBranch=COMPUTER%20SCIENCE%20AND%20ENGINEERING - 200 (1ms)
2024-04-27 : count = 11
[GET] /apitest/admin/fee/search?admissionSession=2024&courseName=BACHELOR%20OF%20ENGINEERING&courseBranch=COMPUTER%20SCIENCE%20AND%20ENGINEERING - 200 (2ms)
2024-04-27 : count = 12
[GET] /apitest/admin/fee/search?admissionSession=2024&courseName=BACHELOR%20OF%20ENGINEERING&courseBranch=COMPUTER%20SCIENCE%20AND%20ENGINEERING - 200 (2ms)
2024-04-27 : count = 13
2024-04-27 : count = 14
[GET] /apitest/admin/fee/search?admissionSession=2024&courseName=BACHELOR%20OF%20ENGINEERING&courseBranch=COMPUTER%20SCIENCE%20AND%20ENGINEERING - 200 (2ms)
[GET] /apitest/admin/fee/search?admissionSession=2024&courseName=BACHELOR%20OF%20ENGINEERING&courseBranch=COMPUTER%20SCIENCE%20AND%20ENGINEERING - 200 (1ms)
2024-04-27 : count = 15
2024-04-27 : count = 16
[GET] /apitest/admin/fee/search?admissionSession=2024&courseName=BACHELOR%20OF%20ENGINEERING&courseBranch=COMPUTER%20SCIENCE%20AND%20ENGINEERING - 200 (1ms)
2024-04-27 : count = 17
[GET] /apitest/admin/fee/search?admissionSession=2024&courseName=BACHELOR%20OF%20ENGINEERING&courseBranch=COMPUTER%20SCIENCE%20AND%20ENGINEERING - 200 (2ms)
[GET] /apitest/admin/fee/search?admissionSession=2024&courseName=BACHELOR%20OF%20ENGINEERING&courseBranch=COMPUTER%20SCIENCE%20AND%20ENGINEERING - 200 (2ms)
2024-04-27 : count = 18
[GET] /apitest/admin/fee/search?admissionSession=2024&courseName=BACHELOR%20OF%20ENGINEERING&courseBranch=COMPUTER%20SCIENCE%20AND%20ENGINEERING - 200 (1ms)
2024-04-27 : count = 19
2024-04-27 : count = 20
[GET] /apitest/admin/fee/search?admissionSession=2024&courseName=BACHELOR%20OF%20ENGINEERING&courseBranch=COMPUTER%20SCIENCE%20AND%20ENGINEERING - 200 (2ms)
2024-04-27 : count = 21
[GET] /apitest/admin/fee/search?admissionSession=2024&courseName=BACHELOR%20OF%20ENGINEERING&courseBranch=COMPUTER%20SCIENCE%20AND%20ENGINEERING - 200 (229ms)
[GET] /apitest/admin/fee/search?admissionSession=2024&courseName=BACHELOR%20OF%20ENGINEERING&courseBranch=COMPUTER%20SCIENCE%20AND%20ENGINEERING - 200 (1ms)
2024-04-27 : count = 22
[GET] /apitest/admin/fee/search?admissionSession=2024&courseName=BACHELOR%20OF%20ENGINEERING&courseBranch=COMPUTER%20SCIENCE%20AND%20ENGINEERING - 200 (2ms)
2024-04-27 : count = 23
2024-04-27 : count = 24
[GET] /apitest/admin/fee/search?admissionSession=2024&courseName=BACHELOR%20OF%20ENGINEERING&courseBranch=COMPUTER%20SCIENCE%20AND%20ENGINEERING - 200 (2ms)
[GET] /apitest/admin/fee/search?admissionSession=2024&courseName=BACHELOR%20OF%20ENGINEERING&courseBranch=COMPUTER%20SCIENCE%20AND%20ENGINEERING - 200 (2ms)
2024-04-27 : count = 25
[GET] /apitest/admin/fee/search?admissionSession=2024&courseName=BACHELOR%20OF%20ENGINEERING&courseBranch=COMPUTER%20SCIENCE%20AND%20ENGINEERING - 200 (1ms)
2024-04-27 : count = 26
2024-04-27 : count = 27
[GET] /apitest/admin/fee/search?admissionSession=2024&courseName=BACHELOR%20OF%20ENGINEERING&courseBranch=COMPUTER%20SCIENCE%20AND%20ENGINEERING - 200 (229ms)
2024-04-27 : count = 28
[GET] /apitest/admin/fee/search?admissionSession=2024&courseName=BACHELOR%20OF%20ENGINEERING&courseBranch=COMPUTER%20SCIENCE%20AND%20ENGINEERING - 200 (1ms)
2024-04-27 : count = 29
[GET] /apitest/admin/fee/search?admissionSession=2024&courseName=BACHELOR%20OF%20ENGINEERING&courseBranch=COMPUTER%20SCIENCE%20AND%20ENGINEERING - 200 (2ms)
2024-04-27 : count = 30
[GET] /apitest/admin/fee/search?admissionSession=2024&courseName=BACHELOR%20OF%20ENGINEERING&courseBranch=COMPUTER%20SCIENCE%20AND%20ENGINEERING - 200 (229ms)
[GET] /apitest/admin/fee/search?admissionSession=2024&courseName=BACHELOR%20OF%20ENGINEERING&courseBranch=COMPUTER%20SCIENCE%20AND%20ENGINEERING - 200 (2ms)
2024-04-27 : count = 31
[GET] /apitest/admin/fee/search?admissionSession=2024&courseName=BACHELOR%20OF%20ENGINEERING&courseBranch=COMPUTER%20SCIENCE%20AND%20ENGINEERING - 200 (1ms)
2024-04-27 : count = 32
[GET] /apitest/admin/fee/search?admissionSession=2024&courseName=BACHELOR%20OF%20ENGINEERING&courseBranch=COMPUTER%20SCIENCE%20AND%20ENGINEERING - 200 (2ms)
2024-04-27 : count = 33
[GET] /apitest/admin/fee/search?admissionSession=2024&courseName=BACHELOR%20OF%20ENGINEERING&courseBranch=COMPUTER%20SCIENCE%20AND%20ENGINEERING - 200 (1ms)
2024-04-27 : count = 34
[GET] /apitest/admin/fee/search?admissionSession=2024&courseName=BACHELOR%20OF%20ENGINEERING&courseBranch=COMPUTER%20SCIENCE%20AND%20ENGINEERING - 200 (2ms)
2024-04-27 : count = 35
2024-04-27 : count = 36
[GET] /apitest/admin/fee/search?admissionSession=2024&courseName=BACHELOR%20OF%20ENGINEERING&courseBranch=COMPUTER%20SCIENCE%20AND%20ENGINEERING - 200 (2ms)
2024-04-27 : count = 37
[GET] /apitest/admin/fee/search?admissionSession=2024&courseName=BACHELOR%20OF%20ENGINEERING&courseBranch=COMPUTER%20SCIENCE%20AND%20ENGINEERING - 200 (1ms)
2024-04-27 : count = 38
[GET] /apitest/admin/fee/search?admissionSession=2024&courseName=BACHELOR%20OF%20ENGINEERING&courseBranch=COMPUTER%20SCIENCE%20AND%20ENGINEERING - 200 (1ms)
2024-04-27 : count = 39
[GET] /apitest/admin/fee/search?admissionSession=2024&courseName=BACHELOR%20OF%20ENGINEERING&courseBranch=COMPUTER%20SCIENCE%20AND%20ENGINEERING - 200 (1ms)
2024-04-27 : count = 40
[GET] /apitest/admin/fee/search?admissionSession=2024&courseName=BACHELOR%20OF%20ENGINEERING&courseBranch=COMPUTER%20SCIENCE%20AND%20ENGINEERING - 200 (1ms)
[GET] /apitest/students/today/count - 200 (944ms)
2024-04-27 : count = 1
2024-04-27 : count = 2
[GET] /apitest/students/today/count - 200 (4ms)
[GET] /apitest/students/today/count - 200 (2ms)
2024-04-27 : count = 3
[GET] /apitest/students/today/count - 200 (2ms)
2024-04-27 : count = 4
2024-04-27 : count = 5
[GET] /apitest/students/today/count - 200 (3ms)
[GET] /apitest/students/today/count - 200 (2ms)
2024-04-27 : count = 6
2024-04-27 : count = 7
[GET] /apitest/students/today/count - 200 (2ms)
[GET] /apitest/students/today/count - 200 (2ms)
2024-04-27 : count = 8
2024-04-27 : count = 9
[GET] /apitest/students/today/count - 200 (2ms)
2024-04-27 : count = 1
[GET] /apitest/students/today/count - 200 (887ms)
2024-04-27 : count = 2
[GET] /apitest/students/today/count - 200 (3ms)
2024-04-27 : count = 3
[GET] /apitest/students/today/count - 200 (2ms)
[GET] /apitest/students/today/count - 200 (3ms)
2024-04-27 : count = 4
2024-04-27 : count = 5
[GET] /apitest/students/today/count - 200 (3ms)
[GET] /apitest/students/today/count - 200 (3ms)
2024-04-27 : count = 6
[GET] /apitest/students/today/count - 200 (2ms)
2024-04-27 : count = 7
[GET] /apitest/students/today/count - 200 (2ms)
2024-04-27 : count = 8
[GET] /apitest/students/today/count - 200 (3ms)
2024-04-27 : count = 9
[GET] /apitest/students/today/count - 200 (3ms)
2024-04-27 : count = 10
2024-04-27 : count = 11
[GET] /apitest/students/today/count - 200 (2ms)
[GET] /apitest/students/today/count - 200 (2ms)
2024-04-27 : count = 12
2024-04-27 : count = 13
[GET] /apitest/students/today/count - 200 (2ms)
2024-04-27 : count = 14
[GET] /apitest/students/today/count - 200 (2ms)
[GET] /apitest/students/today/count - 200 (2ms)
2024-04-27 : count = 15
2024-04-27 : count = 16
[GET] /apitest/students/today/count - 200 (2ms)
2024-04-27 : count = 17
[GET] /apitest/students/today/count - 200 (2ms)
2024-04-27 : count = 18
[GET] /apitest/students/today/count - 200 (2ms)
2024-04-27 : count = 19
[GET] /apitest/students/today/count - 200 (2ms)
2024-04-27 : count = 20
[GET] /apitest/students/today/count - 200 (2ms)
[GET] /apitest/students/today/count - 200 (2ms)
2024-04-27 : count = 21
[GET] /apitest/students/today/count - 200 (3ms)
2024-04-27 : count = 22
2024-04-27 : count = 23
[GET] /apitest/students/today/count - 200 (2ms)
2024-04-27 : count = 24
[GET] /apitest/students/today/count - 200 (1ms)
[GET] /apitest/students/today/count - 200 (2ms)
2024-04-27 : count = 25
[GET] /apitest/students/today/count - 200 (2ms)
2024-04-27 : count = 26
[GET] /apitest/students/today/count - 200 (1ms)
2024-04-27 : count = 27
[GET] /apitest/students/today/count - 200 (2ms)
2024-04-27 : count = 28
[GET] /apitest/students/today/count - 200 (2ms)
2024-04-27 : count = 29
[GET] /apitest/students/today/count - 200 (2ms)
2024-04-27 : count = 30
2024-04-27 : count = 31
[GET] /apitest/students/today/count - 200 (2ms)
2024-04-27 : count = 32
[GET] /apitest/students/today/count - 200 (2ms)
2024-04-27 : count = 33
[GET] /apitest/students/today/count - 200 (2ms)
2024-04-27 : count = 34
[GET] /apitest/students/today/count - 200 (2ms)
2024-04-27 : count = 35
[GET] /apitest/students/today/count - 200 (2ms)
[GET] /apitest/students/today/count - 200 (1ms)
2024-04-27 : count = 36
[GET] /apitest/students/today/count - 200 (2ms)
2024-04-27 : count = 37
2024-04-27 : count = 38
[GET] /apitest/students/today/count - 200 (1ms)
[GET] /apitest/students/today/count - 200 (1ms)
2024-04-27 : count = 39
2024-04-27 : count = 40
[GET] /apitest/students/today/count - 200 (2ms)
[GET] /apitest/students/today/count - 200 (2ms)
2024-04-27 : count = 41
2024-04-27 : count = 42
[GET] /apitest/students/today/count - 200 (2ms)
2024-04-27 : count = 43
[GET] /apitest/students/today/count - 200 (1ms)
[GET] /apitest/students/today/count - 200 (2ms)
2024-04-27 : count = 44
2024-04-27 : count = 45
[GET] /apitest/students/today/count - 200 (2ms)
[GET] /apitest/students/today/count - 200 (2ms)
2024-04-27 : count = 46
2024-04-27 : count = 47
[GET] /apitest/students/today/count - 200 (2ms)
2024-04-27 : count = 48
[GET] /apitest/students/today/count - 200 (2ms)
2024-04-27 : count = 49
[GET] /apitest/students/today/count - 200 (2ms)
2024-04-27 : count = 50
[GET] /apitest/students/today/count - 200 (2ms)
[GET] /apitest/students/today/count - 200 (3ms)
2024-04-27 : count = 51
2024-04-27 : count = 52
[GET] /apitest/students/today/count - 200 (2ms)
2024-04-27 : count = 53
[GET] /apitest/students/today/count - 200 (2ms)
[GET] /apitest/students/today/count - 200 (2ms)
2024-04-27 : count = 54
[GET] /apitest/students/today/count - 200 (2ms)
2024-04-27 : count = 55
2024-04-27 : count = 56
[GET] /apitest/students/today/count - 200 (2ms)
2024-04-27 : count = 57
[GET] /apitest/students/today/count - 200 (2ms)
2024-04-27 : count = 1
[GET] /apitest/students/today/count - 200 (934ms)
[GET] /apitest/students/today/count - 200 (5ms)
2024-04-27 : count = 2
2024-04-27 : count = 3
[GET] /apitest/students/today/count - 200 (2ms)
[GET] /apitest/students/today/count - 200 (2ms)
2024-04-27 : count = 4
2024-04-27 : count = 5
[GET] /apitest/students/today/count - 200 (3ms)
2024-04-27 : count = 6
[GET] /apitest/students/today/count - 200 (2ms)
[GET] /apitest/students/today/count - 200 (2ms)
2024-04-27 : count = 7
[GET] /apitest/students/today/count - 200 (2ms)
2024-04-27 : count = 8
2024-04-27 : count = 9
[GET] /apitest/students/today/count - 200 (3ms)
2024-04-27 : count = 10
[GET] /apitest/students/today/count - 200 (3ms)
[GET] /apitest/students/today/count - 200 (2ms)
2024-04-27 : count = 11
[GET] /apitest/students/today/count - 200 (2ms)
2024-04-27 : count = 12
2024-04-27 : count = 13
[GET] /apitest/students/today/count - 200 (2ms)
2024-04-27 : count = 14
[GET] /apitest/students/today/count - 200 (2ms)
[GET] /apitest/students/today/count - 200 (2ms)
2024-04-27 : count = 15
2024-04-27 : count = 16
[GET] /apitest/students/today/count - 200 (2ms)
2024-04-27 : count = 17
[GET] /apitest/students/today/count - 200 (2ms)
[GET] /apitest/students/today/count - 200 (2ms)
2024-04-27 : count = 18
[GET] /apitest/students/today/count - 200 (2ms)
2024-04-27 : count = 19
2024-04-27 : count = 20
[GET] /apitest/students/today/count - 200 (2ms)
2024-04-27 : count = 21
[GET] /apitest/students/today/count - 200 (2ms)
2024-04-27 : count = 22
[GET] /apitest/students/today/count - 200 (2ms)
[GET] /apitest/students/today/count - 200 (2ms)
2024-04-27 : count = 23
[GET] /apitest/students/today/count - 200 (2ms)
2024-04-27 : count = 24
2024-04-27 : count = 25
[GET] /apitest/students/today/count - 200 (2ms)
[GET] /apitest/students/today/count - 200 (2ms)
2024-04-27 : count = 26
2024-04-27 : count = 27
[GET] /apitest/students/today/count - 200 (2ms)
[GET] /apitest/students/today/count - 200 (2ms)
2024-04-27 : count = 28
2024-04-27 : count = 29
[GET] /apitest/students/today/count - 200 (2ms)
[GET] /apitest/students/today/count - 200 (2ms)
2024-04-27 : count = 30
[GET] /apitest/students/today/count - 200 (2ms)
2024-04-27 : count = 31
[GET] /apitest/students/today/count - 200 (2ms)
2024-04-27 : count = 32
2024-04-27 : count = 33
[GET] /apitest/students/today/count - 200 (2ms)
2024-04-27 : count = 1
[GET] /apitest/admin/students/totallist - 200 (1855ms)
[GET] /apitest/admin/students/totallist - 200 (285ms)
2024-04-27 : count = 2
2024-04-27 : count = 3
[GET] /apitest/admin/students/totallist - 200 (255ms)
2024-04-27 : count = 4
[GET] /apitest/admin/students/totallist - 200 (238ms)
[GET] /apitest/admin/students/totallist - 200 (243ms)
2024-04-27 : count = 5
[GET] /apitest/admin/students/totallist - 200 (287ms)
2024-04-27 : count = 6
2024-04-27 : count = 7
[GET] /apitest/admin/students/totallist - 200 (328ms)
2024-04-27 : count = 8
[GET] /apitest/admin/students/totallist - 200 (249ms)
2024-04-27 : count = 9
[GET] /apitest/admin/students/totallist - 200 (247ms)
2024-04-27 : count = 10
[GET] /apitest/admin/students/totallist - 200 (237ms)
[GET] /apitest/admin/students/totallist - 200 (235ms)
2024-04-27 : count = 11
2024-04-27 : count = 12
[GET] /apitest/admin/students/totallist - 200 (1678ms)
[GET] /apitest/admin/students/totallist - 200 (325ms)
2024-04-27 : count = 13
2024-04-27 : count = 14
[GET] /apitest/admin/students/totallist - 200 (253ms)
[GET] /apitest/admin/students/totallist - 200 (284ms)
2024-04-27 : count = 15
[GET] /apitest/students/today/count - 200 (886ms)
2024-04-27 : count = 16
[GET] /apitest/students/today/count - 200 (2ms)
2024-04-27 : count = 17
2024-04-27 : count = 18
[GET] /apitest/students/today/count - 200 (2ms)
2024-04-27 : count = 1
[GET] /apitest/admin/students/totallist - 200 (2085ms)
[GET] /apitest/admin/students/totallist - 200 (382ms)
2024-04-27 : count = 2
[GET] /apitest/admin/students/totallist - 200 (259ms)
2024-04-27 : count = 3
[GET] /apitest/admin/students/totallist - 200 (257ms)
2024-04-27 : count = 4
[GET] /apitest/admin/students/totallist - 200 (255ms)
2024-04-27 : count = 5
[GET] /apitest/admin/students/totallist - 200 (284ms)
2024-04-27 : count = 6
2024-04-27 : count = 7
[GET] /apitest/admin/students/totallist - 200 (252ms)
[GET] /apitest/admin/students/totallist - 200 (250ms)
2024-04-27 : count = 8
[GET] /apitest/admin/students/totallist - 200 (244ms)
2024-04-27 : count = 9
[GET] /apitest/admin/students/totallist - 200 (244ms)
2024-04-27 : count = 10
2024-04-27 : count = 11
[GET] /apitest/admin/students/totallist - 200 (243ms)
2024-04-27 : count = 12
[GET] /apitest/admin/students/totallist - 200 (276ms)
[GET] /apitest/admin/students/totallist - 200 (242ms)
2024-04-27 : count = 13
[GET] /apitest/admin/students/totallist - 200 (240ms)
2024-04-27 : count = 14
2024-04-27 : count = 15
[GET] /apitest/students/today/count - 200 (934ms)
[GET] /apitest/students/today/count - 200 (1ms)
2024-04-27 : count = 16
2024-04-27 : count = 17
[GET] /apitest/students/today/count - 200 (1ms)
[GET] /apitest/students/today/count - 200 (1ms)
2024-04-27 : count = 18
[GET] /apitest/students/today/count - 200 (1ms)
2024-04-27 : count = 19
[GET] /apitest/students/today/count - 200 (1ms)
2024-04-27 : count = 20
2024-04-27 : count = 21
[GET] /apitest/students/today/count - 200 (0ms)
[GET] /apitest/students/today/count - 200 (1ms)
2024-04-27 : count = 22
2024-04-27 : count = 23
[GET] /apitest/students/today/count - 200 (1ms)
2024-04-27 : count = 24
[GET] /apitest/students/today/count - 200 (1ms)
[GET] /apitest/students/today/count - 200 (1ms)
2024-04-27 : count = 25
2024-04-27 : count = 26
[GET] /apitest/students/today/count - 200 (2ms)
2024-04-27 : count = 27
[GET] /apitest/students/today/count - 200 (1ms)
2024-04-27 : count = 28
[GET] /apitest/students/today/count - 200 (1ms)
2024-04-27 : count = 29
[GET] /apitest/students/today/count - 200 (2ms)
[GET] /apitest/students/today/count - 200 (1ms)
2024-04-27 : count = 30
2024-04-27 : count = 1
[GET] /api/admin/newregistered - 200 (258ms)
2024-04-27 : count = 2
[GET] /api/admin/newregistered - 200 (6ms)
2024-04-27 : count = 3
[GET] /api/admin/newregistered - 200 (6ms)
[GET] /api/admin/newregistered - 200 (6ms)
2024-04-27 : count = 4
[GET] /api/admin/newregistered - 200 (7ms)
2024-04-27 : count = 5
[GET] /api/admin/newregistered - 200 (6ms)
2024-04-27 : count = 6
[GET] /api/admin/newregistered - 200 (7ms)
2024-04-27 : count = 7
2024-04-27 : count = 8
[GET] /api/admin/newregistered - 200 (6ms)
2024-04-27 : count = 9
[GET] /api/admin/newregistered - 200 (6ms)
2024-04-27 : count = 10
[GET] /api/admin/newregistered - 200 (8ms)
[GET] /api/admin/newregistered - 200 (6ms)
2024-04-27 : count = 11
[GET] /api/admin/newregistered - 200 (6ms)
2024-04-27 : count = 12
2024-04-27 : count = 13
[GET] /api/admin/newregistered - 200 (5ms)
[GET] /api/admin/newregistered - 200 (5ms)
2024-04-27 : count = 14
2024-04-27 : count = 15
[GET] /api/admin/newregistered - 200 (5ms)
[GET] /api/admin/newregistered - 200 (6ms)
2024-04-27 : count = 16
2024-04-27 : count = 17
[GET] /api/admin/newregistered - 200 (5ms)
2024-04-27 : count = 18
[GET] /api/admin/newregistered - 200 (6ms)
2024-04-27 : count = 19
[GET] /api/admin/newregistered - 200 (5ms)
[GET] /api/admin/newregistered - 200 (4ms)
2024-04-27 : count = 20
2024-04-27 : count = 21
[GET] /api/admin/newregistered - 200 (5ms)
[GET] /api/admin/newregistered - 200 (4ms)
2024-04-27 : count = 22
[GET] /api/admin/newregistered - 200 (4ms)
2024-04-27 : count = 23
[GET] /api/admin/newregistered - 200 (5ms)
2024-04-27 : count = 24
2024-04-27 : count = 25
[GET] /api/admin/newregistered - 200 (4ms)
2024-04-27 : count = 26
[GET] /api/admin/newregistered - 200 (4ms)
2024-04-27 : count = 27
[GET] /api/admin/newregistered - 200 (4ms)
2024-04-27 : count = 28
[GET] /api/admin/newregistered - 200 (4ms)
[GET] /api/admin/newregistered - 200 (6ms)
2024-04-27 : count = 29
2024-04-27 : count = 30
[GET] /api/admin/newregistered - 200 (4ms)
[GET] /api/admin/newregistered - 200 (3ms)
2024-04-27 : count = 31
[GET] /api/admin/newregistered - 200 (4ms)
2024-04-27 : count = 32
2024-04-27 : count = 33
[GET] /api/admin/newregistered - 200 (4ms)
[GET] /api/admin/newregistered - 200 (4ms)
2024-04-27 : count = 34
2024-04-27 : count = 35
[GET] /api/admin/newregistered - 200 (4ms)
[GET] /api/admin/newregistered - 200 (4ms)
2024-04-27 : count = 36
[GET] /api/admin/newregistered - 200 (5ms)
2024-04-27 : count = 37
2024-04-27 : count = 38
[GET] /api/admin/newregistered - 200 (5ms)
[GET] /api/admin/newregistered - 200 (4ms)
2024-04-27 : count = 39
[GET] /api/admin/newregistered - 200 (5ms)
2024-04-27 : count = 40
[GET] /api/admin/newregistered - 200 (4ms)
2024-04-27 : count = 41
2024-04-27 : count = 42
[GET] /api/admin/newregistered - 200 (5ms)
[GET] /api/admin/newregistered - 200 (5ms)
2024-04-27 : count = 43
[GET] /api/admin/newregistered - 200 (5ms)
2024-04-27 : count = 44
2024-04-27 : count = 45
[GET] /api/admin/newregistered - 200 (5ms)
2024-04-27 : count = 46
[GET] /api/admin/newregistered - 200 (4ms)
[GET] /api/admin/newregistered - 200 (5ms)
2024-04-27 : count = 47
[GET] /api/admin/newregistered - 200 (4ms)
2024-04-27 : count = 48
[GET] /api/admin/newregistered - 200 (3ms)
2024-04-27 : count = 49
[GET] /api/admin/newregistered - 200 (5ms)
2024-04-27 : count = 50
[GET] /api/admin/newregistered - 200 (5ms)
2024-04-27 : count = 51
2024-04-27 : count = 52
[GET] /api/admin/newregistered - 200 (4ms)
[GET] /api/admin/newregistered - 200 (5ms)
2024-04-27 : count = 53
[GET] /api/admin/newregistered - 200 (3ms)
2024-04-27 : count = 54
[GET] /api/admin/newregistered - 200 (4ms)
2024-04-27 : count = 55
[GET] /api/admin/newregistered - 200 (3ms)
2024-04-27 : count = 56
2024-04-27 : count = 1
[GET] /api/admin/searchapi?query=daisy - 200 (234ms)
[GET] /api/admin/searchapi?query=daisy - 200 (3ms)
2024-04-27 : count = 2
2024-04-27 : count = 3
[GET] /api/admin/searchapi?query=daisy - 200 (2ms)
[GET] /api/admin/searchapi?query=daisy - 200 (1ms)
2024-04-27 : count = 4
2024-04-27 : count = 5
[GET] /api/admin/searchapi?query=daisy - 200 (1ms)
[GET] /api/admin/searchapi?query=daisy - 200 (1ms)
2024-04-27 : count = 6
2024-04-27 : count = 7
[GET] /api/admin/searchapi?query=daisy - 200 (2ms)
[GET] /api/admin/searchapi?query=daisy - 200 (2ms)
2024-04-27 : count = 8
2024-04-27 : count = 9
[GET] /api/admin/searchapi?query=daisy - 200 (2ms)
[GET] /api/admin/searchapi?query=daisy - 200 (1ms)
2024-04-27 : count = 10
2024-04-27 : count = 11
[GET] /api/admin/searchapi?query=daisy - 200 (2ms)
[GET] /api/admin/searchapi?query=daisy - 200 (1ms)
2024-04-27 : count = 12
[GET] /api/admin/searchapi?query=daisy - 200 (2ms)
2024-04-27 : count = 13
[GET] /api/admin/searchapi?query=daisy - 200 (2ms)
2024-04-27 : count = 14
[GET] /api/admin/searchapi?query=daisy - 200 (2ms)
2024-04-27 : count = 15
[GET] /api/admin/searchapi?query=daisy - 200 (222ms)
2024-04-27 : count = 16
2024-04-27 : count = 17
[GET] /api/admin/searchapi?query=2231544728 - 200 (240ms)
[GET] /api/admin/searchapi?query=2231544728 - 200 (6ms)
2024-04-27 : count = 18
[GET] /api/admin/searchapi?query=2231544728 - 200 (6ms)
2024-04-27 : count = 19
2024-04-27 : count = 20
[GET] /api/admin/searchapi?query=2231544728 - 200 (5ms)
2024-04-27 : count = 21
[GET] /api/admin/searchapi?query=2231544728 - 200 (7ms)
[GET] /api/admin/searchapi?query=2231544728 - 200 (6ms)
2024-04-27 : count = 22
[GET] /api/admin/searchapi?query=2231544728 - 200 (10ms)
2024-04-27 : count = 23
2024-04-27 : count = 24
[GET] /api/admin/searchapi?query=2231544728 - 200 (6ms)
[GET] /api/admin/searchapi?query=2231544728 - 200 (4ms)
2024-04-27 : count = 25
2024-04-27 : count = 26
[GET] /api/admin/searchapi?query=2231544728 - 200 (5ms)
[GET] /api/admin/searchapi?query=2231544728 - 200 (6ms)
2024-04-27 : count = 27
[GET] /api/admin/searchapi?query=2231544728 - 200 (6ms)
2024-04-27 : count = 28
2024-04-27 : count = 29
[GET] /api/admin/searchapi?query=2231544728 - 200 (6ms)
[GET] /api/admin/searchapi?query=2231544728 - 200 (5ms)
2024-04-27 : count = 30
2024-04-27 : count = 31
[GET] /api/admin/searchapi?query=2231544728 - 200 (6ms)
2024-04-27 : count = 32
[GET] /api/admin/searchapi?query=2231544728 - 200 (5ms)
[GET] /api/admin/searchapi?query=2231544728 - 200 (5ms)
2024-04-27 : count = 33
[GET] /api/admin/searchapi?query=2231544728 - 200 (6ms)
2024-04-27 : count = 34
[GET] /api/admin/searchapi?query=2231544728 - 200 (5ms)
2024-04-27 : count = 35
2024-04-27 : count = 36
[GET] /api/admin/searchapi?query=2231544728 - 200 (5ms)
[GET] /api/admin/searchapi?query=2231544728 - 200 (7ms)
2024-04-27 : count = 37
2024-04-27 : count = 38
[GET] /api/admin/searchapi?query=2231544728 - 200 (4ms)
2024-04-27 : count = 39
[GET] /api/admin/searchapi?query=2231544728 - 200 (5ms)
2024-04-27 : count = 40
[GET] /api/admin/searchapi?query=2231544728 - 200 (5ms)
2024-04-27 : count = 41
[GET] /api/admin/searchapi?query=2231544728 - 200 (5ms)
2024-04-27 : count = 42
[GET] /api/admin/searchapi?query=2231544728 - 200 (7ms)
2024-04-27 : count = 43
[GET] /api/admin/searchapi?query=2231544728 - 200 (233ms)
2024-04-27 : count = 44
[GET] /api/admin/searchapi?query=2231544728 - 200 (5ms)
[GET] /api/admin/searchapi?query=2231544728 - 200 (4ms)
2024-04-27 : count = 45
[GET] /api/admin/searchapi?query=2231544728 - 200 (5ms)
2024-04-27 : count = 46
[GET] /api/admin/searchapi?query=2231544728 - 200 (4ms)
2024-04-27 : count = 47
[GET] /api/admin/searchapi?query=2231544728 - 200 (6ms)
2024-04-27 : count = 48
[GET] /api/admin/searchapi?query=2231544728 - 200 (6ms)
2024-04-27 : count = 49
[GET] /api/admin/searchapi?query=2231544728 - 200 (258ms)
2024-04-27 : count = 1
2024-04-27 : count = 2
[GET] /api/admin/searchapi?query=2231544728 - 200 (9ms)
[GET] /api/admin/searchapi?query=2231544728 - 200 (6ms)
2024-04-27 : count = 3
2024-04-27 : count = 4
[GET] /api/admin/searchapi?query=2231544728 - 200 (6ms)
2024-04-27 : count = 5
[GET] /api/admin/searchapi?query=2231544728 - 200 (6ms)
[GET] /api/admin/searchapi?query=2231544728 - 200 (6ms)
2024-04-27 : count = 6
[GET] /api/admin/searchapi?query=2231544728 - 200 (7ms)
2024-04-27 : count = 7
[GET] /api/admin/searchapi?query=2231544728 - 200 (7ms)
2024-04-27 : count = 8
2024-04-27 : count = 9
[GET] /api/admin/searchapi?query=2231544728 - 200 (6ms)
[GET] /api/admin/searchapi?query=2231544728 - 200 (7ms)
2024-04-27 : count = 10
[GET] /api/admin/searchapi?query=2231544728 - 200 (6ms)
2024-04-27 : count = 11
[GET] /api/admin/searchapi?query=2231544728 - 200 (6ms)
2024-04-27 : count = 12
[GET] /api/admin/searchapi?query=2231544728 - 200 (7ms)
2024-04-27 : count = 13
2024-04-27 : count = 14
[GET] /api/admin/searchapi?query=2231544728 - 200 (7ms)
2024-04-27 : count = 15
[GET] /api/admin/searchapi?query=2231544728 - 200 (7ms)
[GET] /api/admin/searchapi?query=2231544728 - 200 (6ms)
2024-04-27 : count = 16
[GET] /api/admin/searchapi?query=2231544728 - 200 (5ms)
2024-04-27 : count = 17
2024-04-27 : count = 18
[GET] /api/admin/searchapi?query=2231544728 - 200 (6ms)
[GET] /api/admin/searchapi?query=2231544728 - 200 (5ms)
2024-04-27 : count = 19
[GET] /api/admin/searchapi?query=2231544728 - 200 (5ms)
2024-04-27 : count = 20
2024-04-27 : count = 21
[GET] /api/admin/searchapi?query=2231544728 - 200 (8ms)
2024-04-27 : count = 22
[GET] /api/admin/searchapi?query=2231544728 - 200 (5ms)
[GET] /api/admin/searchapi?query=2231544728 - 200 (6ms)
2024-04-27 : count = 23
2024-04-27 : count = 24
[GET] /api/admin/searchapi?query=2231544728 - 200 (6ms)
2024-04-27 : count = 25
[GET] /api/admin/searchapi?query=2231544728 - 200 (5ms)
[GET] /apitest/v2/admin/courses?session=2024 - 500 (265ms)
2024-04-29 : count = 1
[GET] /apitest/v2/admin/courses?session=2024 - 500 (256ms)
2024-04-29 : count = 1
2024-04-29 : count = 1
[GET] /apitest/v2/admin/courses?session=2024 - 500 (265ms)
2024-04-29 : count = 1
[GET] /apitest/v2/admin/courses?session=2024 - 200 (256ms)
[GET] /apitest/v2/admin/courses?session=2024 - 200 (239ms)
2024-04-29 : count = 2
2024-04-29 : count = 3
[GET] /apitest/v2/admin/courses?session=2024 - 200 (236ms)
2024-04-29 : count = 4
[GET] /apitest/v2/admin/courses?session=2024 - 200 (242ms)
2024-04-29 : count = 5
[GET] /apitest/v2/admin/courses?session=2024 - 200 (475ms)
[GET] /apitest/v2/admin/courses?session=2024 - 200 (569ms)
2024-04-29 : count = 1
2024-04-29 : count = 2
[GET] /apitest/v2/admin/courses?session=2024 - 200 (4ms)
[GET] /apitest/v2/admin/courses?session=2024 - 200 (3ms)
2024-04-29 : count = 3
[GET] /apitest/v2/admin/courses?session=2024 - 200 (2ms)
2024-04-29 : count = 4
2024-04-29 : count = 5
[GET] /apitest/v2/admin/courses?session=2024 - 200 (3ms)
[GET] /apitest/fee/search - 500 (15ms)
2024-04-29 : count = 1
2024-04-29 : count = 1
[GET] /apitest/fee/search - 500 (9ms)
[POST] /apitest/admin/login - 401 (239ms)
2024-04-30 : count = 1
[POST] /apitest/admin/login - 401 (228ms)
2024-04-30 : count = 2
2024-04-30 : count = 3
[POST] /apitest/admin/login - 401 (228ms)
2024-04-30 : count = 4
[POST] /apitest/admin/login - 401 (227ms)
2024-04-30 : count = 5
[POST] /apitest/admin/login - 401 (227ms)
2024-04-30 : count = 6
[POST] /apitest/admin/login - 401 (227ms)
[POST] /apitest/admin/login - 401 (226ms)
2024-04-30 : count = 7
2024-04-30 : count = 8
[POST] /apitest/admin/login - 401 (227ms)
[POST] /apitest/admin/login - 401 (227ms)
2024-04-30 : count = 9
2024-04-30 : count = 10
[POST] /apitest/admin/login - 401 (226ms)
[POST] /apitest/admin/login - 429 (1ms)
2024-04-30 : count = 11
2024-04-30 : count = 12
[GET] /apitest/admin/login - 404 (3ms)
[GET] /apitest/admin/login - 404 (2ms)
2024-04-30 : count = 13
[POST] /apitest/admin/login - 200 (234ms)
2024-04-30 : count = 14
[POST] /apitest/admin/login - 429 (1ms)
2024-04-30 : count = 15
[POST] /apitest/admin/login - 429 (1ms)
2024-04-30 : count = 16
[POST] /apitest/admin/login - 200 (231ms)
2024-04-30 : count = 17
2024-04-30 : count = 18
[POST] /apitest/admin/login - 200 (229ms)
[POST] /apitest/admin/login - 200 (229ms)
2024-04-30 : count = 19
[POST] /apitest/admin/login - 401 (239ms)
2024-04-30 : count = 20
2024-04-30 : count = 21
[POST] /apitest/admin/login - 401 (230ms)
2024-04-30 : count = 22
[POST] /apitest/admin/login - 401 (227ms)
2024-04-30 : count = 23
[POST] /apitest/admin/login - 401 (228ms)
[POST] /apitest/admin/login - 401 (227ms)
2024-04-30 : count = 24
2024-04-30 : count = 25
[POST] /apitest/admin/login - 401 (270ms)
[POST] /apitest/admin/login - 401 (227ms)
2024-04-30 : count = 26
2024-04-30 : count = 27
[POST] /apitest/admin/login - 401 (236ms)
2024-04-30 : count = 28
[POST] /apitest/admin/login - 401 (228ms)
[POST] /apitest/admin/login - 401 (228ms)
2024-04-30 : count = 29
[POST] /apitest/admin/login - 429 (1ms)
2024-04-30 : count = 30
[POST] /apitest/admin/login - 429 (1ms)
2024-04-30 : count = 31
[POST] /apitest/admin/login - 200 (229ms)
2024-04-30 : count = 32
2024-04-30 : count = 1
[GET] / - 200 (9ms)
[GET] / - 200 (3ms)
2024-04-30 : count = 2
2024-04-30 : count = 3
[GET] / - 200 (1ms)
[GET] / - 200 (1ms)
2024-04-30 : count = 4
2024-04-30 : count = 5
[GET] / - 200 (1ms)
2024-04-30 : count = 6
[GET] / - 200 (1ms)
2024-04-30 : count = 7
[GET] / - 200 (1ms)
[GET] / - 200 (1ms)
2024-04-30 : count = 8
[GET] / - 200 (2ms)
2024-04-30 : count = 9
[GET] / - 200 (1ms)
2024-04-30 : count = 10
2024-04-30 : count = 11
[GET] / - 200 (1ms)
[GET] / - 200 (2ms)
2024-04-30 : count = 12
[GET] / - 200 (1ms)
2024-04-30 : count = 13
[GET] / - 200 (1ms)
2024-04-30 : count = 14
2024-04-30 : count = 15
[GET] / - 200 (1ms)
[GET] / - 200 (1ms)
2024-04-30 : count = 16
2024-04-30 : count = 17
[GET] / - 200 (1ms)
2024-04-30 : count = 18
[GET] / - 200 (2ms)
2024-04-30 : count = 19
[GET] / - 200 (1ms)
[GET] / - 200 (1ms)
2024-04-30 : count = 20
[GET] / - 200 (1ms)
2024-04-30 : count = 21
2024-04-30 : count = 22
[GET] / - 200 (1ms)
[GET] / - 200 (0ms)
2024-04-30 : count = 23
2024-04-30 : count = 24
[GET] / - 200 (1ms)
2024-04-30 : count = 25
[GET] / - 200 (0ms)
[GET] / - 200 (1ms)
2024-04-30 : count = 26
2024-04-30 : count = 27
[GET] / - 200 (1ms)
[GET] / - 200 (1ms)
2024-04-30 : count = 28
2024-04-30 : count = 29
[GET] / - 200 (1ms)
[GET] / - 200 (1ms)
2024-04-30 : count = 30
2024-04-30 : count = 31
[GET] / - 200 (1ms)
[GET] / - 200 (1ms)
2024-04-30 : count = 32
2024-04-30 : count = 33
[GET] / - 200 (0ms)
[GET] / - 200 (1ms)
2024-04-30 : count = 34
2024-04-30 : count = 35
[GET] / - 200 (1ms)
2024-04-30 : count = 36
[GET] / - 200 (1ms)
2024-04-30 : count = 37
[GET] / - 200 (1ms)
2024-04-30 : count = 38
[GET] / - 200 (2ms)
[GET] / - 200 (1ms)
2024-04-30 : count = 39
[GET] / - 200 (1ms)
2024-04-30 : count = 40
[GET] / - 200 (1ms)
2024-04-30 : count = 41
2024-04-30 : count = 42
[GET] / - 200 (1ms)
[GET] / - 200 (1ms)
2024-04-30 : count = 43
[GET] / - 200 (1ms)
2024-04-30 : count = 44
2024-04-30 : count = 45
[GET] / - 200 (1ms)
[GET] / - 200 (1ms)
2024-04-30 : count = 46
